info t=2020-03-10T08:47:45.500Z Cinnamon.AppSystem.get_default() started in 51 ms
info t=2020-03-10T08:47:45.504Z loading user theme: /usr/share/themes/Adapta/cinnamon/cinnamon.css
info t=2020-03-10T08:47:45.517Z added icon directory: /usr/share/themes/Adapta/cinnamon
info t=2020-03-10T08:47:45.610Z PlacesManager: Updating devices
info t=2020-03-10T08:47:45.621Z loaded at Tue Mar 10 2020 09:47:45 GMT+0100 (CET)
info t=2020-03-10T08:47:45.629Z Loaded applet systray@cinnamon.org in 6 ms
info t=2020-03-10T08:47:45.850Z Loaded applet menu@cinnamon.org in 220 ms
info t=2020-03-10T08:47:45.854Z Upgrading settings for show-desktop@cinnamon.org
info t=2020-03-10T08:47:45.854Z Settings successfully upgraded for show-desktop@cinnamon.org
info t=2020-03-10T08:47:45.858Z Loaded applet show-desktop@cinnamon.org in 7 ms
info t=2020-03-10T08:47:45.888Z Role locked: panellauncher
info t=2020-03-10T08:47:45.889Z Loaded applet panel-launchers@cinnamon.org in 30 ms
info t=2020-03-10T08:47:45.894Z Upgrading settings for window-list@cinnamon.org
info t=2020-03-10T08:47:45.894Z Settings successfully upgraded for window-list@cinnamon.org
info t=2020-03-10T08:47:45.897Z Loaded applet window-list@cinnamon.org in 7 ms
info t=2020-03-10T08:47:45.910Z Loaded applet keyboard@cinnamon.org in 12 ms
info t=2020-03-10T08:47:45.917Z Role locked: notifications
info t=2020-03-10T08:47:45.920Z Loaded applet notifications@cinnamon.org in 9 ms
info t=2020-03-10T08:47:45.927Z Loaded applet removable-drives@cinnamon.org in 5 ms
info t=2020-03-10T08:47:45.940Z Loaded applet user@cinnamon.org in 13 ms
info t=2020-03-10T08:47:45.981Z Loaded applet network@cinnamon.org in 40 ms
info t=2020-03-10T08:47:45.994Z Loaded applet power@cinnamon.org in 12 ms
info t=2020-03-10T08:47:46.013Z Loaded applet calendar@cinnamon.org in 18 ms
info t=2020-03-10T08:47:46.037Z Loaded applet sound@cinnamon.org in 23 ms
info t=2020-03-10T08:47:46.038Z AppletManager.init() started in 416 ms
info t=2020-03-10T08:47:46.039Z Cinnamon took 596 ms to start
info t=2020-03-10T08:47:46.473Z Hiding systray: network
